<?xml version="1.0" encoding="UTF-8"?>
<testsuite xmlns:xsi="http://www.w3.org/2001/XMLSchema-instance" xsi:noNamespaceSchemaLocation="https://maven.apache.org/surefire/maven-surefire-plugin/xsd/surefire-test-report.xsd" name="TestSuite" time="12.187" tests="11" errors="0" skipped="0" failures="0">
  <properties>
[...]
</properties>
  <testcase name="upload" classname="com.epam.rest.service.test.TestFileRepo" time="5.969"/>
  <testcase name="delete" classname="com.epam.rest.service.test.TestFileRepo" time="0.032"/>
  <testcase name="download" classname="com.epam.rest.service.test.TestFileRepo" time="0.765"/>
  <testcase name="upload1mb" classname="com.epam.rest.service.test.TestFileRepo" time="0.641"/>
  <testcase name="download1Mb" classname="com.epam.rest.service.test.TestFileRepo" time="0.313"/>
  <testcase name="uploadIncorrect" classname="com.epam.rest.service.test.TestFileRepo" time="0.594"/>
  <testcase name="deleteIncorrect" classname="com.epam.rest.service.test.TestFileRepo" time="0.125"/>
  <testcase name="downloadIncorrect" classname="com.epam.rest.service.test.TestFileRepo" time="0.016"/>
  <testcase name="uploadIdempotent" classname="com.epam.rest.service.test.TestFileRepo" time="0.281"/>
  <testcase name="deleteIdempotent" classname="com.epam.rest.service.test.TestFileRepo" time="0.015"/>
  <testcase name="downloadIdempotent" classname="com.epam.rest.service.test.TestFileRepo" time="0.016"/>
</testsuite>